<?xml version="1.0" encoding="UTF-8"?>
<testsuite name="io.github.nandandesai.pico.BookShelfBaseServerApplicationTests" tests="1" skipped="0" failures="0" errors="0" timestamp="2023-03-15T15:27:30" hostname="DESKTOP-D0UCTM3" time="0.056">
  <properties/>
  <testcase name="contextLoads()" classname="io.github.nandandesai.pico.BookShelfBaseServerApplicationTests" time="0.056"/>
  <system-out><![CDATA[23:27:26.120 [Test worker] DEBUG org.springframework.test.context.BootstrapUtils - Instantiating CacheAwareContextLoaderDelegate from class [org.springframework.test.context.cache.DefaultCacheAwareContextLoaderDelegate]
23:27:26.128 [Test worker] DEBUG org.springframework.test.context.BootstrapUtils - Instantiating BootstrapContext using constructor [public org.springframework.test.context.support.DefaultBootstrapContext(java.lang.Class,org.springframework.test.context.CacheAwareContextLoaderDelegate)]
23:27:26.148 [Test worker] DEBUG org.springframework.test.context.BootstrapUtils - Instantiating TestContextBootstrapper for test class [io.github.nandandesai.pico.BookShelfBaseServerApplicationTests] from class [org.springframework.boot.test.context.SpringBootTestContextBootstrapper]
23:27:26.154 [Test worker] INFO org.springframework.boot.test.context.SpringBootTestContextBootstrapper - Neither @ContextConfiguration nor @ContextHierarchy found for test class [io.github.nandandesai.pico.BookShelfBaseServerApplicationTests], using SpringBootContextLoader
23:27:26.157 [Test worker] DEBUG org.springframework.test.context.support.AbstractContextLoader - Did not detect default resource location for test class [io.github.nandandesai.pico.BookShelfBaseServerApplicationTests]: class path resource [io/github/nandandesai/pico/BookShelfBaseServerApplicationTests-context.xml] does not exist
23:27:26.157 [Test worker] DEBUG org.springframework.test.context.support.AbstractContextLoader - Did not detect default resource location for test class [io.github.nandandesai.pico.BookShelfBaseServerApplicationTests]: class path resource [io/github/nandandesai/pico/BookShelfBaseServerApplicationTestsContext.groovy] does not exist
23:27:26.158 [Test worker] INFO org.springframework.test.context.support.AbstractContextLoader - Could not detect default resource locations for test class [io.github.nandandesai.pico.BookShelfBaseServerApplicationTests]: no resource found for suffixes {-context.xml, Context.groovy}.
23:27:26.158 [Test worker] INFO org.springframework.test.context.support.AnnotationConfigContextLoaderUtils - Could not detect default configuration classes for test class [io.github.nandandesai.pico.BookShelfBaseServerApplicationTests]: BookShelfBaseServerApplicationTests does not declare any static, non-private, non-final, nested classes annotated with @Configuration.
23:27:26.182 [Test worker] DEBUG org.springframework.test.context.support.ActiveProfilesUtils - Could not find an 'annotation declaring class' for annotation type [org.springframework.test.context.ActiveProfiles] and class [io.github.nandandesai.pico.BookShelfBaseServerApplicationTests]
23:27:26.221 [Test worker] DEBUG org.springframework.context.annotation.ClassPathScanningCandidateComponentProvider - Identified candidate component class: file [/home/sbk6401/CTF/PicoCTF/2023/Web/Java Code Analysis!!/bookshelf-pico/build/classes/java/main/io/github/nandandesai/pico/BookShelfBaseServerApplication.class]
23:27:26.221 [Test worker] INFO org.springframework.boot.test.context.SpringBootTestContextBootstrapper - Found @SpringBootConfiguration io.github.nandandesai.pico.BookShelfBaseServerApplication for test class io.github.nandandesai.pico.BookShelfBaseServerApplicationTests
23:27:26.277 [Test worker] DEBUG org.springframework.boot.test.context.SpringBootTestContextBootstrapper - @TestExecutionListeners is not present for class [io.github.nandandesai.pico.BookShelfBaseServerApplicationTests]: using defaults.
23:27:26.278 [Test worker] INFO org.springframework.boot.test.context.SpringBootTestContextBootstrapper - Loaded default TestExecutionListener class names from location [META-INF/spring.factories]: [org.springframework.boot.test.autoconfigure.restdocs.RestDocsTestExecutionListener, org.springframework.boot.test.autoconfigure.web.client.MockRestServiceServerResetTestExecutionListener, org.springframework.boot.test.autoconfigure.web.servlet.MockMvcPrintOnlyOnFailureTestExecutionListener, org.springframework.boot.test.autoconfigure.web.servlet.WebDriverTestExecutionListener, org.springframework.boot.test.autoconfigure.webservices.client.MockWebServiceServerTestExecutionListener, org.springframework.boot.test.mock.mockito.MockitoTestExecutionListener, org.springframework.boot.test.mock.mockito.ResetMocksTestExecutionListener, org.springframework.test.context.web.ServletTestExecutionListener, org.springframework.test.context.support.DirtiesContextBeforeModesTestExecutionListener, org.springframework.test.context.support.DependencyInjectionTestExecutionListener, org.springframework.test.context.support.DirtiesContextTestExecutionListener, org.springframework.test.context.transaction.TransactionalTestExecutionListener, org.springframework.test.context.jdbc.SqlScriptsTestExecutionListener, org.springframework.test.context.event.EventPublishingTestExecutionListener]
23:27:26.288 [Test worker] INFO org.springframework.boot.test.context.SpringBootTestContextBootstrapper - Using TestExecutionListeners: [org.springframework.test.context.web.ServletTestExecutionListener@4dd4681a, org.springframework.test.context.support.DirtiesContextBeforeModesTestExecutionListener@5d0b2690, org.springframework.boot.test.mock.mockito.MockitoTestExecutionListener@365edafe, org.springframework.boot.test.autoconfigure.SpringBootDependencyInjectionTestExecutionListener@381330da, org.springframework.test.context.support.DirtiesContextTestExecutionListener@56690b7a, org.springframework.test.context.transaction.TransactionalTestExecutionListener@52529881, org.springframework.test.context.jdbc.SqlScriptsTestExecutionListener@129b311f, org.springframework.test.context.event.EventPublishingTestExecutionListener@332f4676, org.springframework.boot.test.autoconfigure.restdocs.RestDocsTestExecutionListener@2d03a9b2, org.springframework.boot.test.autoconfigure.web.client.MockRestServiceServerResetTestExecutionListener@6b53aa03, org.springframework.boot.test.autoconfigure.web.servlet.MockMvcPrintOnlyOnFailureTestExecutionListener@208b6dbf, org.springframework.boot.test.autoconfigure.web.servlet.WebDriverTestExecutionListener@69de832e, org.springframework.boot.test.autoconfigure.webservices.client.MockWebServiceServerTestExecutionListener@59a0f99e, org.springframework.boot.test.mock.mockito.ResetMocksTestExecutionListener@2fd5431b]
23:27:26.290 [Test worker] DEBUG org.springframework.test.context.support.AbstractDirtiesContextTestExecutionListener - Before test class: context [DefaultTestContext@72d4b4ad testClass = BookShelfBaseServerApplicationTests, testInstance = [null], testMethod = [null], testException = [null], mergedContextConfiguration = [WebMergedContextConfiguration@494c996a testClass = BookShelfBaseServerApplicationTests, locations = '{}', classes = '{class io.github.nandandesai.pico.BookShelfBaseServerApplication}', contextInitializerClasses = '[]', activeProfiles = '{}', propertySourceLocations = '{}', propertySourceProperties = '{org.springframework.boot.test.context.SpringBootTestContextBootstrapper=true}', contextCustomizers = set[org.springframework.boot.test.autoconfigure.actuate.metrics.MetricsExportContextCustomizerFactory$DisableMetricExportContextCustomizer@32d8e61f, org.springframework.boot.test.autoconfigure.properties.PropertyMappingContextCustomizer@0, org.springframework.boot.test.autoconfigure.web.servlet.WebDriverContextCustomizerFactory$Customizer@5057fa57, org.springframework.boot.test.context.filter.ExcludeFilterContextCustomizer@481ca78, org.springframework.boot.test.json.DuplicateJsonObjectContextCustomizerFactory$DuplicateJsonObjectContextCustomizer@75504972, org.springframework.boot.test.mock.mockito.MockitoContextCustomizer@0, org.springframework.boot.test.web.client.TestRestTemplateContextCustomizer@629b100d, org.springframework.boot.test.web.reactive.server.WebTestClientContextCustomizer@1e7d9296, org.springframework.boot.test.context.SpringBootTestArgs@1, org.springframework.boot.test.context.SpringBootTestWebEnvironment@783dd102], resourceBasePath = 'src/main/webapp', contextLoader = 'org.springframework.boot.test.context.SpringBootContextLoader', parent = [null]], attributes = map['org.springframework.test.context.web.ServletTestExecutionListener.activateListener' -> true]], class annotated with @DirtiesContext [false] with mode [null].
23:27:26.308 [Test worker] DEBUG org.springframework.test.context.support.TestPropertySourceUtils - Adding inlined properties to environment: {spring.jmx.enabled=false, org.springframework.boot.test.context.SpringBootTestContextBootstrapper=true}

  .   ____          _            __ _ _
 /\\ / ___'_ __ _ _(_)_ __  __ _ \ \ \ \
( ( )\___ | '_ | '_| | '_ \/ _` | \ \ \ \
 \\/  ___)| |_)| | | | | || (_| |  ) ) ) )
  '  |____| .__|_| |_|_| |_\__, | / / / /
 =========|_|==============|___/=/_/_/_/
 :: Spring Boot ::                (v2.4.0)

2023-03-15 23:27:26.519  INFO 27628 --- [    Test worker] .n.p.BookShelfBaseServerApplicationTests : Starting BookShelfBaseServerApplicationTests using Java 11.0.17 on DESKTOP-D0UCTM3 with PID 27628 (started by root in /home/sbk6401/CTF/PicoCTF/2023/Web/Java Code Analysis!!/bookshelf-pico)
2023-03-15 23:27:26.522  INFO 27628 --- [    Test worker] .n.p.BookShelfBaseServerApplicationTests : No active profile set, falling back to default profiles: default
2023-03-15 23:27:27.218  INFO 27628 --- [    Test worker] .s.d.r.c.RepositoryConfigurationDelegate : Bootstrapping Spring Data JPA repositories in DEFERRED mode.
2023-03-15 23:27:27.280  INFO 27628 --- [    Test worker] .s.d.r.c.RepositoryConfigurationDelegate : Finished Spring Data repository scanning in 55 ms. Found 3 JPA repository interfaces.
2023-03-15 23:27:27.626  INFO 27628 --- [    Test worker] trationDelegate$BeanPostProcessorChecker : Bean 'org.springframework.security.access.expression.method.DefaultMethodSecurityExpressionHandler@3dfa4f90' of type [org.springframework.security.access.expression.method.DefaultMethodSecurityExpressionHandler] is not eligible for getting processed by all BeanPostProcessors (for example: not eligible for auto-proxying)
2023-03-15 23:27:27.636  INFO 27628 --- [    Test worker] trationDelegate$BeanPostProcessorChecker : Bean 'methodSecurityMetadataSource' of type [org.springframework.security.access.method.DelegatingMethodSecurityMetadataSource] is not eligible for getting processed by all BeanPostProcessors (for example: not eligible for auto-proxying)
2023-03-15 23:27:27.921  INFO 27628 --- [    Test worker] o.s.s.concurrent.ThreadPoolTaskExecutor  : Initializing ExecutorService 'applicationTaskExecutor'
2023-03-15 23:27:27.972  INFO 27628 --- [         task-1] o.hibernate.jpa.internal.util.LogHelper  : HHH000204: Processing PersistenceUnitInfo [name: default]
2023-03-15 23:27:28.021  INFO 27628 --- [         task-1] org.hibernate.Version                    : HHH000412: Hibernate ORM core version 5.4.23.Final
2023-03-15 23:27:28.067  WARN 27628 --- [    Test worker] JpaBaseConfiguration$JpaWebConfiguration : spring.jpa.open-in-view is enabled by default. Therefore, database queries may be performed during view rendering. Explicitly configure spring.jpa.open-in-view to disable this warning
2023-03-15 23:27:28.146  INFO 27628 --- [    Test worker] i.g.n.pico.security.SecretGenerator      : server_secret.txt file doesn't exists or something went wrong in reading that file. Generating a new secret for the server.
2023-03-15 23:27:28.146  INFO 27628 --- [    Test worker] i.g.n.pico.security.SecretGenerator      : Newly generated secret is now written to the filesystem for persistence.
2023-03-15 23:27:28.159  INFO 27628 --- [         task-1] o.hibernate.annotations.common.Version   : HCANN000001: Hibernate Commons Annotations {5.1.2.Final}
2023-03-15 23:27:28.259  INFO 27628 --- [         task-1] com.zaxxer.hikari.HikariDataSource       : HikariPool-1 - Starting...
2023-03-15 23:27:28.266  WARN 27628 --- [         task-1] com.zaxxer.hikari.util.DriverDataSource  : Registered driver with driverClassName=org.apache.derby.jdbc.EmbeddedDriver was not found, trying direct instantiation.
2023-03-15 23:27:28.478  INFO 27628 --- [    Test worker] o.s.s.web.DefaultSecurityFilterChain     : Will secure any request with [org.springframework.security.web.context.request.async.WebAsyncManagerIntegrationFilter@bae557e, org.springframework.security.web.context.SecurityContextPersistenceFilter@65d80214, org.springframework.security.web.header.HeaderWriterFilter@668cde0b, org.springframework.security.web.authentication.logout.LogoutFilter@6ea50441, io.github.nandandesai.pico.security.ReauthenticationFilter@38131bb7, org.springframework.security.web.savedrequest.RequestCacheAwareFilter@12ce41f7, org.springframework.security.web.servletapi.SecurityContextHolderAwareRequestFilter@5686deba, org.springframework.security.web.authentication.AnonymousAuthenticationFilter@297f6dfe, org.springframework.security.web.session.SessionManagementFilter@5f48092d, org.springframework.security.web.access.ExceptionTranslationFilter@76be2ee9, org.springframework.security.web.access.intercept.FilterSecurityInterceptor@7b7f0f21]
2023-03-15 23:27:29.064  INFO 27628 --- [    Test worker] o.s.b.a.w.s.WelcomePageHandlerMapping    : Adding welcome page: class path resource [public/index.html]
2023-03-15 23:27:29.087  INFO 27628 --- [         task-1] com.zaxxer.hikari.pool.PoolBase          : HikariPool-1 - Driver does not support get/set network timeout for connections. (Feature not implemented: No details.)
2023-03-15 23:27:29.090  INFO 27628 --- [         task-1] com.zaxxer.hikari.HikariDataSource       : HikariPool-1 - Start completed.
2023-03-15 23:27:29.107  INFO 27628 --- [         task-1] org.hibernate.dialect.Dialect            : HHH000400: Using dialect: org.hibernate.dialect.DerbyTenSevenDialect
2023-03-15 23:27:29.373  INFO 27628 --- [    Test worker] DeferredRepositoryInitializationListener : Triggering deferred initialization of Spring Data repositories…
Hibernate: create table books (id integer not null, cover_photo_name varchar(255), description LONG VARCHAR, pdf_file_name varchar(255), title varchar(255), role_name varchar(255), primary key (id))
Hibernate: create table roles (name varchar(255) not null, value integer, primary key (name))
Hibernate: create table users (id integer not null, email varchar(255), full_name varchar(255), last_login timestamp, password varchar(255), profile_pic_name varchar(255), role_name varchar(255), primary key (id))
Hibernate: drop index users.UK_6dotkott2kjsp8vw4d0m25fb7
Hibernate: create unique index UK_6dotkott2kjsp8vw4d0m25fb7 on users (email)
Hibernate: create sequence hibernate_sequence start with 1 increment by 1
Hibernate: alter table books add constraint FK70agp55rb8ra4kqbfi0y2ig68 foreign key (role_name) references roles
Hibernate: alter table users add constraint FK6e7f1kfvvn2k48olww485qvo3 foreign key (role_name) references roles
2023-03-15 23:27:30.159  INFO 27628 --- [         task-1] o.h.e.t.j.p.i.JtaPlatformInitiator       : HHH000490: Using JtaPlatform implementation: [org.hibernate.engine.transaction.jta.platform.internal.NoJtaPlatform]
2023-03-15 23:27:30.165  INFO 27628 --- [         task-1] j.LocalContainerEntityManagerFactoryBean : Initialized JPA EntityManagerFactory for persistence unit 'default'
2023-03-15 23:27:30.375  INFO 27628 --- [    Test worker] DeferredRepositoryInitializationListener : Spring Data repositories initialized!
2023-03-15 23:27:30.383  INFO 27628 --- [    Test worker] .n.p.BookShelfBaseServerApplicationTests : Started BookShelfBaseServerApplicationTests in 4.071 seconds (JVM running for 4.858)
Hibernate: select role0_.name as name1_1_0_, role0_.value as value2_1_0_ from roles role0_ where role0_.name=?
Hibernate: select role0_.name as name1_1_0_, role0_.value as value2_1_0_ from roles role0_ where role0_.name=?
Hibernate: select role0_.name as name1_1_0_, role0_.value as value2_1_0_ from roles role0_ where role0_.name=?
Hibernate: values next value for hibernate_sequence
Hibernate: select role_.name, role_.value as value2_1_ from roles role_ where role_.name=?
Hibernate: insert into users (email, full_name, last_login, password, profile_pic_name, role_name, id) values (?, ?, ?, ?, ?, ?, ?)
Hibernate: values next value for hibernate_sequence
Hibernate: select role_.name, role_.value as value2_1_ from roles role_ where role_.name=?
Hibernate: insert into users (email, full_name, last_login, password, profile_pic_name, role_name, id) values (?, ?, ?, ?, ?, ?, ?)
2023-03-15 23:27:30.577  INFO 27628 --- [    Test worker] i.g.n.pico.configs.BookShelfConfig       : initialized 'admin' and 'user' users.
Hibernate: values next value for hibernate_sequence
Hibernate: select role_.name, role_.value as value2_1_ from roles role_ where role_.name=?
Hibernate: insert into books (cover_photo_name, description, pdf_file_name, role_name, title, id) values (?, ?, ?, ?, ?, ?)
Hibernate: values next value for hibernate_sequence
Hibernate: select role_.name, role_.value as value2_1_ from roles role_ where role_.name=?
Hibernate: insert into books (cover_photo_name, description, pdf_file_name, role_name, title, id) values (?, ?, ?, ?, ?, ?)
Hibernate: values next value for hibernate_sequence
Hibernate: select role_.name, role_.value as value2_1_ from roles role_ where role_.name=?
Hibernate: insert into books (cover_photo_name, description, pdf_file_name, role_name, title, id) values (?, ?, ?, ?, ?, ?)
2023-03-15 23:27:30.589  INFO 27628 --- [    Test worker] i.g.n.pico.configs.BookShelfConfig       : initial PDFs and Covers metadata added to the database.
2023-03-15 23:27:30.590  INFO 27628 --- [    Test worker] i.g.n.pico.configs.BookShelfConfig       : app is now ready to use!
]]></system-out>
  <system-err><![CDATA[]]></system-err>
</testsuite>
